<?xml version="1.0" encoding="UTF-8"?>
<testsuite name="src.main.java.gpsUtils.GpsUtilsApplicationTests" tests="4" skipped="0" failures="0" errors="0" timestamp="2021-02-22T16:26:59" hostname="TOUR-NICO" time="0.554">
  <properties/>
  <testcase name="whenRequestLocalization_errorParamNull()" classname="src.main.java.gpsUtils.GpsUtilsApplicationTests" time="0.348"/>
  <testcase name="whenRequestLocalization_errorParamString()" classname="src.main.java.gpsUtils.GpsUtilsApplicationTests" time="0.005"/>
  <testcase name="whenRequestAttraction_sentOk()" classname="src.main.java.gpsUtils.GpsUtilsApplicationTests" time="0.103"/>
  <testcase name="whenRequestLocalization_sentOk()" classname="src.main.java.gpsUtils.GpsUtilsApplicationTests" time="0.097"/>
  <system-out><![CDATA[17:26:56.928 [Test worker] DEBUG org.springframework.test.context.BootstrapUtils - Instantiating CacheAwareContextLoaderDelegate from class [org.springframework.test.context.cache.DefaultCacheAwareContextLoaderDelegate]
17:26:56.938 [Test worker] DEBUG org.springframework.test.context.BootstrapUtils - Instantiating BootstrapContext using constructor [public org.springframework.test.context.support.DefaultBootstrapContext(java.lang.Class,org.springframework.test.context.CacheAwareContextLoaderDelegate)]
17:26:56.963 [Test worker] DEBUG org.springframework.test.context.BootstrapUtils - Instantiating TestContextBootstrapper for test class [src.main.java.gpsUtils.GpsUtilsApplicationTests] from class [org.springframework.boot.test.context.SpringBootTestContextBootstrapper]
17:26:56.972 [Test worker] INFO org.springframework.boot.test.context.SpringBootTestContextBootstrapper - Neither @ContextConfiguration nor @ContextHierarchy found for test class [src.main.java.gpsUtils.GpsUtilsApplicationTests], using SpringBootContextLoader
17:26:56.975 [Test worker] DEBUG org.springframework.test.context.support.AbstractContextLoader - Did not detect default resource location for test class [src.main.java.gpsUtils.GpsUtilsApplicationTests]: class path resource [src/main/java/gpsUtils/GpsUtilsApplicationTests-context.xml] does not exist
17:26:56.975 [Test worker] DEBUG org.springframework.test.context.support.AbstractContextLoader - Did not detect default resource location for test class [src.main.java.gpsUtils.GpsUtilsApplicationTests]: class path resource [src/main/java/gpsUtils/GpsUtilsApplicationTestsContext.groovy] does not exist
17:26:56.976 [Test worker] INFO org.springframework.test.context.support.AbstractContextLoader - Could not detect default resource locations for test class [src.main.java.gpsUtils.GpsUtilsApplicationTests]: no resource found for suffixes {-context.xml, Context.groovy}.
17:26:56.976 [Test worker] INFO org.springframework.test.context.support.AnnotationConfigContextLoaderUtils - Could not detect default configuration classes for test class [src.main.java.gpsUtils.GpsUtilsApplicationTests]: GpsUtilsApplicationTests does not declare any static, non-private, non-final, nested classes annotated with @Configuration.
17:26:57.027 [Test worker] DEBUG org.springframework.test.context.support.ActiveProfilesUtils - Could not find an 'annotation declaring class' for annotation type [org.springframework.test.context.ActiveProfiles] and class [src.main.java.gpsUtils.GpsUtilsApplicationTests]
17:26:57.070 [Test worker] DEBUG org.springframework.context.annotation.ClassPathScanningCandidateComponentProvider - Identified candidate component class: file [E:\Documents\GitHub\JavaPathENProject8\External Api\gpsUtils\build\classes\java\main\src\main\java\gpsUtils\GpsUtilsApplication.class]
17:26:57.071 [Test worker] INFO org.springframework.boot.test.context.SpringBootTestContextBootstrapper - Found @SpringBootConfiguration src.main.java.gpsUtils.GpsUtilsApplication for test class src.main.java.gpsUtils.GpsUtilsApplicationTests
17:26:57.144 [Test worker] DEBUG org.springframework.boot.test.context.SpringBootTestContextBootstrapper - @TestExecutionListeners is not present for class [src.main.java.gpsUtils.GpsUtilsApplicationTests]: using defaults.
17:26:57.145 [Test worker] INFO org.springframework.boot.test.context.SpringBootTestContextBootstrapper - Loaded default TestExecutionListener class names from location [META-INF/spring.factories]: [org.springframework.boot.test.autoconfigure.restdocs.RestDocsTestExecutionListener, org.springframework.boot.test.autoconfigure.web.client.MockRestServiceServerResetTestExecutionListener, org.springframework.boot.test.autoconfigure.web.servlet.MockMvcPrintOnlyOnFailureTestExecutionListener, org.springframework.boot.test.autoconfigure.web.servlet.WebDriverTestExecutionListener, org.springframework.boot.test.autoconfigure.webservices.client.MockWebServiceServerTestExecutionListener, org.springframework.boot.test.mock.mockito.MockitoTestExecutionListener, org.springframework.boot.test.mock.mockito.ResetMocksTestExecutionListener, org.springframework.test.context.web.ServletTestExecutionListener, org.springframework.test.context.support.DirtiesContextBeforeModesTestExecutionListener, org.springframework.test.context.event.ApplicationEventsTestExecutionListener, org.springframework.test.context.support.DependencyInjectionTestExecutionListener, org.springframework.test.context.support.DirtiesContextTestExecutionListener, org.springframework.test.context.transaction.TransactionalTestExecutionListener, org.springframework.test.context.jdbc.SqlScriptsTestExecutionListener, org.springframework.test.context.event.EventPublishingTestExecutionListener]
17:26:57.153 [Test worker] DEBUG org.springframework.boot.test.context.SpringBootTestContextBootstrapper - Skipping candidate TestExecutionListener [org.springframework.test.context.transaction.TransactionalTestExecutionListener] due to a missing dependency. Specify custom listener classes or make the default listener classes and their required dependencies available. Offending class: [org/springframework/transaction/interceptor/TransactionAttributeSource]
17:26:57.154 [Test worker] DEBUG org.springframework.boot.test.context.SpringBootTestContextBootstrapper - Skipping candidate TestExecutionListener [org.springframework.test.context.jdbc.SqlScriptsTestExecutionListener] due to a missing dependency. Specify custom listener classes or make the default listener classes and their required dependencies available. Offending class: [org/springframework/transaction/interceptor/TransactionAttribute]
17:26:57.154 [Test worker] INFO org.springframework.boot.test.context.SpringBootTestContextBootstrapper - Using TestExecutionListeners: [org.springframework.test.context.web.ServletTestExecutionListener@6299f22b, org.springframework.test.context.support.DirtiesContextBeforeModesTestExecutionListener@26950b16, org.springframework.test.context.event.ApplicationEventsTestExecutionListener@132cfb10, org.springframework.boot.test.mock.mockito.MockitoTestExecutionListener@e8f9ce6, org.springframework.boot.test.autoconfigure.SpringBootDependencyInjectionTestExecutionListener@23aa3fb6, org.springframework.test.context.support.DirtiesContextTestExecutionListener@2d694d6e, org.springframework.test.context.event.EventPublishingTestExecutionListener@59e9c7a8, org.springframework.boot.test.autoconfigure.restdocs.RestDocsTestExecutionListener@2bf308df, org.springframework.boot.test.autoconfigure.web.client.MockRestServiceServerResetTestExecutionListener@59d6d598, org.springframework.boot.test.autoconfigure.web.servlet.MockMvcPrintOnlyOnFailureTestExecutionListener@3eb3e1f1, org.springframework.boot.test.autoconfigure.web.servlet.WebDriverTestExecutionListener@2970b508, org.springframework.boot.test.autoconfigure.webservices.client.MockWebServiceServerTestExecutionListener@1a76f509, org.springframework.boot.test.mock.mockito.ResetMocksTestExecutionListener@75e389ca]
17:26:57.157 [Test worker] DEBUG org.springframework.test.context.support.AbstractDirtiesContextTestExecutionListener - Before test class: context [DefaultTestContext@1ac2271c testClass = GpsUtilsApplicationTests, testInstance = [null], testMethod = [null], testException = [null], mergedContextConfiguration = [WebMergedContextConfiguration@13a60b33 testClass = GpsUtilsApplicationTests, locations = '{}', classes = '{class src.main.java.gpsUtils.GpsUtilsApplication}', contextInitializerClasses = '[]', activeProfiles = '{}', propertySourceLocations = '{}', propertySourceProperties = '{org.springframework.boot.test.context.SpringBootTestContextBootstrapper=true}', contextCustomizers = set[org.springframework.boot.test.autoconfigure.actuate.metrics.MetricsExportContextCustomizerFactory$DisableMetricExportContextCustomizer@7571b42f, org.springframework.boot.test.autoconfigure.properties.PropertyMappingContextCustomizer@4b3fa0b3, org.springframework.boot.test.autoconfigure.web.servlet.WebDriverContextCustomizerFactory$Customizer@37713edc, [ImportsContextCustomizer@616a558 key = [org.springframework.boot.test.autoconfigure.web.servlet.MockMvcAutoConfiguration, org.springframework.boot.test.autoconfigure.web.servlet.MockMvcWebClientAutoConfiguration, org.springframework.boot.test.autoconfigure.web.servlet.MockMvcWebDriverAutoConfiguration, org.springframework.boot.autoconfigure.security.oauth2.client.servlet.OAuth2ClientAutoConfiguration, org.springframework.boot.autoconfigure.security.oauth2.resource.servlet.OAuth2ResourceServerAutoConfiguration, org.springframework.boot.autoconfigure.security.servlet.SecurityAutoConfiguration, org.springframework.boot.autoconfigure.security.servlet.SecurityFilterAutoConfiguration, org.springframework.boot.autoconfigure.security.servlet.UserDetailsServiceAutoConfiguration, org.springframework.boot.test.autoconfigure.web.servlet.MockMvcSecurityConfiguration]], org.springframework.boot.test.context.filter.ExcludeFilterContextCustomizer@7e40ecc2, org.springframework.boot.test.json.DuplicateJsonObjectContextCustomizerFactory$DuplicateJsonObjectContextCustomizer@7771e226, org.springframework.boot.test.mock.mockito.MockitoContextCustomizer@0, org.springframework.boot.test.web.client.TestRestTemplateContextCustomizer@13592e78, org.springframework.boot.test.context.SpringBootTestArgs@1, org.springframework.boot.test.context.SpringBootTestWebEnvironment@223fb26c], resourceBasePath = 'src/main/webapp', contextLoader = 'org.springframework.boot.test.context.SpringBootContextLoader', parent = [null]], attributes = map['org.springframework.test.context.web.ServletTestExecutionListener.activateListener' -> true]], class annotated with @DirtiesContext [false] with mode [null].
17:26:57.184 [Test worker] DEBUG org.springframework.test.context.support.TestPropertySourceUtils - Adding inlined properties to environment: {spring.jmx.enabled=false, org.springframework.boot.test.context.SpringBootTestContextBootstrapper=true}

  .   ____          _            __ _ _
 /\\ / ___'_ __ _ _(_)_ __  __ _ \ \ \ \
( ( )\___ | '_ | '_| | '_ \/ _` | \ \ \ \
 \\/  ___)| |_)| | | | | || (_| |  ) ) ) )
  '  |____| .__|_| |_|_| |_\__, | / / / /
 =========|_|==============|___/=/_/_/_/
 :: Spring Boot ::                (v2.4.2)

2021-02-22 17:26:57.415  INFO 8484 --- [    Test worker] s.m.j.gpsUtils.GpsUtilsApplicationTests  : Starting GpsUtilsApplicationTests using Java 14.0.1 on Tour-Nico with PID 8484 (started by nicol in E:\Documents\GitHub\JavaPathENProject8\External Api\gpsUtils)
2021-02-22 17:26:57.418  INFO 8484 --- [    Test worker] s.m.j.gpsUtils.GpsUtilsApplicationTests  : No active profile set, falling back to default profiles: default
2021-02-22 17:26:58.698  INFO 8484 --- [    Test worker] o.s.s.concurrent.ThreadPoolTaskExecutor  : Initializing ExecutorService 'applicationTaskExecutor'
2021-02-22 17:26:59.056  INFO 8484 --- [    Test worker] o.s.b.t.m.w.SpringBootMockServletContext : Initializing Spring TestDispatcherServlet ''
2021-02-22 17:26:59.056  INFO 8484 --- [    Test worker] o.s.t.web.servlet.TestDispatcherServlet  : Initializing Servlet ''
2021-02-22 17:26:59.064  INFO 8484 --- [    Test worker] o.s.b.a.e.web.EndpointLinksResolver      : Exposing 2 endpoint(s) beneath base path '/actuator'
2021-02-22 17:26:59.087  INFO 8484 --- [    Test worker] o.s.t.web.servlet.TestDispatcherServlet  : Completed initialization in 31 ms
2021-02-22 17:26:59.117  INFO 8484 --- [    Test worker] s.m.j.gpsUtils.GpsUtilsApplicationTests  : Started GpsUtilsApplicationTests in 1.927 seconds (JVM running for 2.764)
2021-02-22 17:26:59.626  INFO 8484 --- [    Test worker] s.m.j.g.controller.ControllerGpsUtils    : returning user location for user : bea60f6d-aa4b-496d-87da-4db04b99f2e5
]]></system-out>
  <system-err><![CDATA[]]></system-err>
</testsuite>
