<?xml version="1.0" encoding="UTF-8"?>
<testsuite name="src.main.java.gpsUtils.GpsUtilsApplicationTests" tests="1" skipped="0" failures="0" errors="0" timestamp="2021-02-18T18:19:17" hostname="nicolas-desktop" time="0.216">
  <properties/>
  <testcase name="contextLoads()" classname="src.main.java.gpsUtils.GpsUtilsApplicationTests" time="0.216"/>
  <system-out><![CDATA[19:19:15.535 [Test worker] DEBUG org.springframework.test.context.BootstrapUtils - Instantiating CacheAwareContextLoaderDelegate from class [org.springframework.test.context.cache.DefaultCacheAwareContextLoaderDelegate]
19:19:15.542 [Test worker] DEBUG org.springframework.test.context.BootstrapUtils - Instantiating BootstrapContext using constructor [public org.springframework.test.context.support.DefaultBootstrapContext(java.lang.Class,org.springframework.test.context.CacheAwareContextLoaderDelegate)]
19:19:15.563 [Test worker] DEBUG org.springframework.test.context.BootstrapUtils - Instantiating TestContextBootstrapper for test class [src.main.java.gpsUtils.GpsUtilsApplicationTests] from class [org.springframework.boot.test.context.SpringBootTestContextBootstrapper]
19:19:15.570 [Test worker] INFO org.springframework.boot.test.context.SpringBootTestContextBootstrapper - Neither @ContextConfiguration nor @ContextHierarchy found for test class [src.main.java.gpsUtils.GpsUtilsApplicationTests], using SpringBootContextLoader
19:19:15.573 [Test worker] DEBUG org.springframework.test.context.support.AbstractContextLoader - Did not detect default resource location for test class [src.main.java.gpsUtils.GpsUtilsApplicationTests]: class path resource [src/main/java/gpsUtils/GpsUtilsApplicationTests-context.xml] does not exist
19:19:15.573 [Test worker] DEBUG org.springframework.test.context.support.AbstractContextLoader - Did not detect default resource location for test class [src.main.java.gpsUtils.GpsUtilsApplicationTests]: class path resource [src/main/java/gpsUtils/GpsUtilsApplicationTestsContext.groovy] does not exist
19:19:15.573 [Test worker] INFO org.springframework.test.context.support.AbstractContextLoader - Could not detect default resource locations for test class [src.main.java.gpsUtils.GpsUtilsApplicationTests]: no resource found for suffixes {-context.xml, Context.groovy}.
19:19:15.573 [Test worker] INFO org.springframework.test.context.support.AnnotationConfigContextLoaderUtils - Could not detect default configuration classes for test class [src.main.java.gpsUtils.GpsUtilsApplicationTests]: GpsUtilsApplicationTests does not declare any static, non-private, non-final, nested classes annotated with @Configuration.
19:19:15.598 [Test worker] DEBUG org.springframework.test.context.support.ActiveProfilesUtils - Could not find an 'annotation declaring class' for annotation type [org.springframework.test.context.ActiveProfiles] and class [src.main.java.gpsUtils.GpsUtilsApplicationTests]
19:19:15.635 [Test worker] DEBUG org.springframework.context.annotation.ClassPathScanningCandidateComponentProvider - Identified candidate component class: file [/home/nicolas/eclipse-workspace/JavaPathENProject8/External Api/gpsUtils/build/classes/java/main/src/main/java/gpsUtils/GpsUtilsApplication.class]
19:19:15.636 [Test worker] INFO org.springframework.boot.test.context.SpringBootTestContextBootstrapper - Found @SpringBootConfiguration src.main.java.gpsUtils.GpsUtilsApplication for test class src.main.java.gpsUtils.GpsUtilsApplicationTests
19:19:15.686 [Test worker] DEBUG org.springframework.boot.test.context.SpringBootTestContextBootstrapper - @TestExecutionListeners is not present for class [src.main.java.gpsUtils.GpsUtilsApplicationTests]: using defaults.
19:19:15.687 [Test worker] INFO org.springframework.boot.test.context.SpringBootTestContextBootstrapper - Loaded default TestExecutionListener class names from location [META-INF/spring.factories]: [org.springframework.boot.test.autoconfigure.restdocs.RestDocsTestExecutionListener, org.springframework.boot.test.autoconfigure.web.client.MockRestServiceServerResetTestExecutionListener, org.springframework.boot.test.autoconfigure.web.servlet.MockMvcPrintOnlyOnFailureTestExecutionListener, org.springframework.boot.test.autoconfigure.web.servlet.WebDriverTestExecutionListener, org.springframework.boot.test.autoconfigure.webservices.client.MockWebServiceServerTestExecutionListener, org.springframework.boot.test.mock.mockito.MockitoTestExecutionListener, org.springframework.boot.test.mock.mockito.ResetMocksTestExecutionListener, org.springframework.test.context.web.ServletTestExecutionListener, org.springframework.test.context.support.DirtiesContextBeforeModesTestExecutionListener, org.springframework.test.context.event.ApplicationEventsTestExecutionListener, org.springframework.test.context.support.DependencyInjectionTestExecutionListener, org.springframework.test.context.support.DirtiesContextTestExecutionListener, org.springframework.test.context.transaction.TransactionalTestExecutionListener, org.springframework.test.context.jdbc.SqlScriptsTestExecutionListener, org.springframework.test.context.event.EventPublishingTestExecutionListener]
19:19:15.692 [Test worker] DEBUG org.springframework.boot.test.context.SpringBootTestContextBootstrapper - Skipping candidate TestExecutionListener [org.springframework.test.context.transaction.TransactionalTestExecutionListener] due to a missing dependency. Specify custom listener classes or make the default listener classes and their required dependencies available. Offending class: [org/springframework/transaction/interceptor/TransactionAttributeSource]
19:19:15.693 [Test worker] DEBUG org.springframework.boot.test.context.SpringBootTestContextBootstrapper - Skipping candidate TestExecutionListener [org.springframework.test.context.jdbc.SqlScriptsTestExecutionListener] due to a missing dependency. Specify custom listener classes or make the default listener classes and their required dependencies available. Offending class: [org/springframework/transaction/interceptor/TransactionAttribute]
19:19:15.693 [Test worker] INFO org.springframework.boot.test.context.SpringBootTestContextBootstrapper - Using TestExecutionListeners: [org.springframework.test.context.web.ServletTestExecutionListener@26dfc889, org.springframework.test.context.support.DirtiesContextBeforeModesTestExecutionListener@513a9199, org.springframework.test.context.event.ApplicationEventsTestExecutionListener@6d6afbe3, org.springframework.boot.test.mock.mockito.MockitoTestExecutionListener@4a7655a0, org.springframework.boot.test.autoconfigure.SpringBootDependencyInjectionTestExecutionListener@12b547e7, org.springframework.test.context.support.DirtiesContextTestExecutionListener@1706aa71, org.springframework.test.context.event.EventPublishingTestExecutionListener@2d09fe91, org.springframework.boot.test.autoconfigure.restdocs.RestDocsTestExecutionListener@552a65c5, org.springframework.boot.test.autoconfigure.web.client.MockRestServiceServerResetTestExecutionListener@6d189af8, org.springframework.boot.test.autoconfigure.web.servlet.MockMvcPrintOnlyOnFailureTestExecutionListener@4f6ff008, org.springframework.boot.test.autoconfigure.web.servlet.WebDriverTestExecutionListener@2d706202, org.springframework.boot.test.autoconfigure.webservices.client.MockWebServiceServerTestExecutionListener@2b722e24, org.springframework.boot.test.mock.mockito.ResetMocksTestExecutionListener@294bee8]
19:19:15.695 [Test worker] DEBUG org.springframework.test.context.support.AbstractDirtiesContextTestExecutionListener - Before test class: context [DefaultTestContext@5c510808 testClass = GpsUtilsApplicationTests, testInstance = [null], testMethod = [null], testException = [null], mergedContextConfiguration = [WebMergedContextConfiguration@449d0d5e testClass = GpsUtilsApplicationTests, locations = '{}', classes = '{class src.main.java.gpsUtils.GpsUtilsApplication}', contextInitializerClasses = '[]', activeProfiles = '{}', propertySourceLocations = '{}', propertySourceProperties = '{org.springframework.boot.test.context.SpringBootTestContextBootstrapper=true}', contextCustomizers = set[org.springframework.boot.test.autoconfigure.actuate.metrics.MetricsExportContextCustomizerFactory$DisableMetricExportContextCustomizer@42eedb22, org.springframework.boot.test.autoconfigure.properties.PropertyMappingContextCustomizer@0, org.springframework.boot.test.autoconfigure.web.servlet.WebDriverContextCustomizerFactory$Customizer@7e2de155, org.springframework.boot.test.context.filter.ExcludeFilterContextCustomizer@3e5f5b3e, org.springframework.boot.test.json.DuplicateJsonObjectContextCustomizerFactory$DuplicateJsonObjectContextCustomizer@3ef980ce, org.springframework.boot.test.mock.mockito.MockitoContextCustomizer@0, org.springframework.boot.test.web.client.TestRestTemplateContextCustomizer@151d9bcf, org.springframework.boot.test.context.SpringBootTestArgs@1, org.springframework.boot.test.context.SpringBootTestWebEnvironment@5db745f3], resourceBasePath = 'src/main/webapp', contextLoader = 'org.springframework.boot.test.context.SpringBootContextLoader', parent = [null]], attributes = map['org.springframework.test.context.web.ServletTestExecutionListener.activateListener' -> true]], class annotated with @DirtiesContext [false] with mode [null].
19:19:15.712 [Test worker] DEBUG org.springframework.test.context.support.TestPropertySourceUtils - Adding inlined properties to environment: {spring.jmx.enabled=false, org.springframework.boot.test.context.SpringBootTestContextBootstrapper=true}

  .   ____          _            __ _ _
 /\\ / ___'_ __ _ _(_)_ __  __ _ \ \ \ \
( ( )\___ | '_ | '_| | '_ \/ _` | \ \ \ \
 \\/  ___)| |_)| | | | | || (_| |  ) ) ) )
  '  |____| .__|_| |_|_| |_\__, | / / / /
 =========|_|==============|___/=/_/_/_/
 :: Spring Boot ::                (v2.4.2)

2021-02-18 19:19:15.863  INFO 9104 --- [    Test worker] s.m.j.gpsUtils.GpsUtilsApplicationTests  : Starting GpsUtilsApplicationTests using Java 14.0.2 on nicolas-desktop with PID 9104 (started by nicolas in /home/nicolas/eclipse-workspace/JavaPathENProject8/External Api/gpsUtils)
2021-02-18 19:19:15.865  INFO 9104 --- [    Test worker] s.m.j.gpsUtils.GpsUtilsApplicationTests  : No active profile set, falling back to default profiles: default
2021-02-18 19:19:16.787  INFO 9104 --- [    Test worker] o.s.s.concurrent.ThreadPoolTaskExecutor  : Initializing ExecutorService 'applicationTaskExecutor'
2021-02-18 19:19:17.040  INFO 9104 --- [    Test worker] o.s.b.a.e.web.EndpointLinksResolver      : Exposing 2 endpoint(s) beneath base path '/actuator'
2021-02-18 19:19:17.071  INFO 9104 --- [    Test worker] s.m.j.gpsUtils.GpsUtilsApplicationTests  : Started GpsUtilsApplicationTests in 1.354 seconds (JVM running for 1.943)
]]></system-out>
  <system-err><![CDATA[]]></system-err>
</testsuite>
