<?xml version="1.0" encoding="UTF-8"?>
<testsuite name="src.main.java.gpsUtils.GpsUtilsApplicationTests" tests="4" skipped="0" failures="0" errors="0" timestamp="2021-02-24T15:58:44" hostname="TOUR-NICO" time="0.567">
  <properties/>
  <testcase name="whenRequestLocalization_errorParamNull()" classname="src.main.java.gpsUtils.GpsUtilsApplicationTests" time="0.363"/>
  <testcase name="whenRequestLocalization_errorParamString()" classname="src.main.java.gpsUtils.GpsUtilsApplicationTests" time="0.006"/>
  <testcase name="whenRequestAttraction_sentOk()" classname="src.main.java.gpsUtils.GpsUtilsApplicationTests" time="0.108"/>
  <testcase name="whenRequestLocalization_sentOk()" classname="src.main.java.gpsUtils.GpsUtilsApplicationTests" time="0.088"/>
  <system-out><![CDATA[16:58:41.402 [Test worker] DEBUG org.springframework.test.context.BootstrapUtils - Instantiating CacheAwareContextLoaderDelegate from class [org.springframework.test.context.cache.DefaultCacheAwareContextLoaderDelegate]
16:58:41.413 [Test worker] DEBUG org.springframework.test.context.BootstrapUtils - Instantiating BootstrapContext using constructor [public org.springframework.test.context.support.DefaultBootstrapContext(java.lang.Class,org.springframework.test.context.CacheAwareContextLoaderDelegate)]
16:58:41.442 [Test worker] DEBUG org.springframework.test.context.BootstrapUtils - Instantiating TestContextBootstrapper for test class [src.main.java.gpsUtils.GpsUtilsApplicationTests] from class [org.springframework.boot.test.context.SpringBootTestContextBootstrapper]
16:58:41.451 [Test worker] INFO org.springframework.boot.test.context.SpringBootTestContextBootstrapper - Neither @ContextConfiguration nor @ContextHierarchy found for test class [src.main.java.gpsUtils.GpsUtilsApplicationTests], using SpringBootContextLoader
16:58:41.455 [Test worker] DEBUG org.springframework.test.context.support.AbstractContextLoader - Did not detect default resource location for test class [src.main.java.gpsUtils.GpsUtilsApplicationTests]: class path resource [src/main/java/gpsUtils/GpsUtilsApplicationTests-context.xml] does not exist
16:58:41.455 [Test worker] DEBUG org.springframework.test.context.support.AbstractContextLoader - Did not detect default resource location for test class [src.main.java.gpsUtils.GpsUtilsApplicationTests]: class path resource [src/main/java/gpsUtils/GpsUtilsApplicationTestsContext.groovy] does not exist
16:58:41.456 [Test worker] INFO org.springframework.test.context.support.AbstractContextLoader - Could not detect default resource locations for test class [src.main.java.gpsUtils.GpsUtilsApplicationTests]: no resource found for suffixes {-context.xml, Context.groovy}.
16:58:41.457 [Test worker] INFO org.springframework.test.context.support.AnnotationConfigContextLoaderUtils - Could not detect default configuration classes for test class [src.main.java.gpsUtils.GpsUtilsApplicationTests]: GpsUtilsApplicationTests does not declare any static, non-private, non-final, nested classes annotated with @Configuration.
16:58:41.516 [Test worker] DEBUG org.springframework.test.context.support.ActiveProfilesUtils - Could not find an 'annotation declaring class' for annotation type [org.springframework.test.context.ActiveProfiles] and class [src.main.java.gpsUtils.GpsUtilsApplicationTests]
16:58:41.595 [Test worker] DEBUG org.springframework.context.annotation.ClassPathScanningCandidateComponentProvider - Identified candidate component class: file [E:\Documents\GitHub\JavaPathENProject8\External Api\gpsUtils\build\classes\java\main\src\main\java\gpsUtils\GpsUtilsApplication.class]
16:58:41.596 [Test worker] INFO org.springframework.boot.test.context.SpringBootTestContextBootstrapper - Found @SpringBootConfiguration src.main.java.gpsUtils.GpsUtilsApplication for test class src.main.java.gpsUtils.GpsUtilsApplicationTests
16:58:41.692 [Test worker] DEBUG org.springframework.boot.test.context.SpringBootTestContextBootstrapper - @TestExecutionListeners is not present for class [src.main.java.gpsUtils.GpsUtilsApplicationTests]: using defaults.
16:58:41.693 [Test worker] INFO org.springframework.boot.test.context.SpringBootTestContextBootstrapper - Loaded default TestExecutionListener class names from location [META-INF/spring.factories]: [org.springframework.boot.test.autoconfigure.restdocs.RestDocsTestExecutionListener, org.springframework.boot.test.autoconfigure.web.client.MockRestServiceServerResetTestExecutionListener, org.springframework.boot.test.autoconfigure.web.servlet.MockMvcPrintOnlyOnFailureTestExecutionListener, org.springframework.boot.test.autoconfigure.web.servlet.WebDriverTestExecutionListener, org.springframework.boot.test.autoconfigure.webservices.client.MockWebServiceServerTestExecutionListener, org.springframework.boot.test.mock.mockito.MockitoTestExecutionListener, org.springframework.boot.test.mock.mockito.ResetMocksTestExecutionListener, org.springframework.test.context.web.ServletTestExecutionListener, org.springframework.test.context.support.DirtiesContextBeforeModesTestExecutionListener, org.springframework.test.context.event.ApplicationEventsTestExecutionListener, org.springframework.test.context.support.DependencyInjectionTestExecutionListener, org.springframework.test.context.support.DirtiesContextTestExecutionListener, org.springframework.test.context.transaction.TransactionalTestExecutionListener, org.springframework.test.context.jdbc.SqlScriptsTestExecutionListener, org.springframework.test.context.event.EventPublishingTestExecutionListener]
16:58:41.703 [Test worker] DEBUG org.springframework.boot.test.context.SpringBootTestContextBootstrapper - Skipping candidate TestExecutionListener [org.springframework.test.context.transaction.TransactionalTestExecutionListener] due to a missing dependency. Specify custom listener classes or make the default listener classes and their required dependencies available. Offending class: [org/springframework/transaction/interceptor/TransactionAttributeSource]
16:58:41.704 [Test worker] DEBUG org.springframework.boot.test.context.SpringBootTestContextBootstrapper - Skipping candidate TestExecutionListener [org.springframework.test.context.jdbc.SqlScriptsTestExecutionListener] due to a missing dependency. Specify custom listener classes or make the default listener classes and their required dependencies available. Offending class: [org/springframework/transaction/interceptor/TransactionAttribute]
16:58:41.704 [Test worker] INFO org.springframework.boot.test.context.SpringBootTestContextBootstrapper - Using TestExecutionListeners: [org.springframework.test.context.web.ServletTestExecutionListener@36c0ec5e, org.springframework.test.context.support.DirtiesContextBeforeModesTestExecutionListener@8a5482a, org.springframework.test.context.event.ApplicationEventsTestExecutionListener@2db621e3, org.springframework.boot.test.mock.mockito.MockitoTestExecutionListener@5d5569a1, org.springframework.boot.test.autoconfigure.SpringBootDependencyInjectionTestExecutionListener@6cc6cc49, org.springframework.test.context.support.DirtiesContextTestExecutionListener@4e002de3, org.springframework.test.context.event.EventPublishingTestExecutionListener@52a5b4f9, org.springframework.boot.test.autoconfigure.restdocs.RestDocsTestExecutionListener@24cbd76d, org.springframework.boot.test.autoconfigure.web.client.MockRestServiceServerResetTestExecutionListener@7eb5e339, org.springframework.boot.test.autoconfigure.web.servlet.MockMvcPrintOnlyOnFailureTestExecutionListener@3115b639, org.springframework.boot.test.autoconfigure.web.servlet.WebDriverTestExecutionListener@4ee8de9e, org.springframework.boot.test.autoconfigure.webservices.client.MockWebServiceServerTestExecutionListener@34621891, org.springframework.boot.test.mock.mockito.ResetMocksTestExecutionListener@651f890f]
16:58:41.708 [Test worker] DEBUG org.springframework.test.context.support.AbstractDirtiesContextTestExecutionListener - Before test class: context [DefaultTestContext@4eb91bd6 testClass = GpsUtilsApplicationTests, testInstance = [null], testMethod = [null], testException = [null], mergedContextConfiguration = [WebMergedContextConfiguration@16acb80d testClass = GpsUtilsApplicationTests, locations = '{}', classes = '{class src.main.java.gpsUtils.GpsUtilsApplication}', contextInitializerClasses = '[]', activeProfiles = '{}', propertySourceLocations = '{}', propertySourceProperties = '{org.springframework.boot.test.context.SpringBootTestContextBootstrapper=true}', contextCustomizers = set[org.springframework.boot.test.autoconfigure.actuate.metrics.MetricsExportContextCustomizerFactory$DisableMetricExportContextCustomizer@7c2d39b8, org.springframework.boot.test.autoconfigure.properties.PropertyMappingContextCustomizer@4b3fa0b3, org.springframework.boot.test.autoconfigure.web.servlet.WebDriverContextCustomizerFactory$Customizer@23bd55b0, [ImportsContextCustomizer@522f862e key = [org.springframework.boot.test.autoconfigure.web.servlet.MockMvcAutoConfiguration, org.springframework.boot.test.autoconfigure.web.servlet.MockMvcWebClientAutoConfiguration, org.springframework.boot.test.autoconfigure.web.servlet.MockMvcWebDriverAutoConfiguration, org.springframework.boot.autoconfigure.security.oauth2.client.servlet.OAuth2ClientAutoConfiguration, org.springframework.boot.autoconfigure.security.oauth2.resource.servlet.OAuth2ResourceServerAutoConfiguration, org.springframework.boot.autoconfigure.security.servlet.SecurityAutoConfiguration, org.springframework.boot.autoconfigure.security.servlet.SecurityFilterAutoConfiguration, org.springframework.boot.autoconfigure.security.servlet.UserDetailsServiceAutoConfiguration, org.springframework.boot.test.autoconfigure.web.servlet.MockMvcSecurityConfiguration]], org.springframework.boot.test.context.filter.ExcludeFilterContextCustomizer@3cb5545a, org.springframework.boot.test.json.DuplicateJsonObjectContextCustomizerFactory$DuplicateJsonObjectContextCustomizer@6d9933e7, org.springframework.boot.test.mock.mockito.MockitoContextCustomizer@0, org.springframework.boot.test.web.client.TestRestTemplateContextCustomizer@3fe4fa2d, org.springframework.boot.test.context.SpringBootTestArgs@1, org.springframework.boot.test.context.SpringBootTestWebEnvironment@56bdaf96], resourceBasePath = 'src/main/webapp', contextLoader = 'org.springframework.boot.test.context.SpringBootContextLoader', parent = [null]], attributes = map['org.springframework.test.context.web.ServletTestExecutionListener.activateListener' -> true]], class annotated with @DirtiesContext [false] with mode [null].
16:58:41.744 [Test worker] DEBUG org.springframework.test.context.support.TestPropertySourceUtils - Adding inlined properties to environment: {spring.jmx.enabled=false, org.springframework.boot.test.context.SpringBootTestContextBootstrapper=true}

  .   ____          _            __ _ _
 /\\ / ___'_ __ _ _(_)_ __  __ _ \ \ \ \
( ( )\___ | '_ | '_| | '_ \/ _` | \ \ \ \
 \\/  ___)| |_)| | | | | || (_| |  ) ) ) )
  '  |____| .__|_| |_|_| |_\__, | / / / /
 =========|_|==============|___/=/_/_/_/
 :: Spring Boot ::                (v2.4.2)

2021-02-24 16:58:42.159  INFO 15340 --- [    Test worker] s.m.j.gpsUtils.GpsUtilsApplicationTests  : Starting GpsUtilsApplicationTests using Java 14.0.1 on Tour-Nico with PID 15340 (started by nicol in E:\Documents\GitHub\JavaPathENProject8\External Api\gpsUtils)
2021-02-24 16:58:42.160  INFO 15340 --- [    Test worker] s.m.j.gpsUtils.GpsUtilsApplicationTests  : No active profile set, falling back to default profiles: default
2021-02-24 16:58:42.954  INFO 15340 --- [    Test worker] o.s.cloud.context.scope.GenericScope     : BeanFactory id=91f92f10-3665-3776-9063-3e4f18bcec6f
2021-02-24 16:58:43.534  INFO 15340 --- [    Test worker] o.s.s.concurrent.ThreadPoolTaskExecutor  : Initializing ExecutorService 'applicationTaskExecutor'
2021-02-24 16:58:43.985  INFO 15340 --- [    Test worker] o.s.b.t.m.w.SpringBootMockServletContext : Initializing Spring TestDispatcherServlet ''
2021-02-24 16:58:43.985  INFO 15340 --- [    Test worker] o.s.t.web.servlet.TestDispatcherServlet  : Initializing Servlet ''
2021-02-24 16:58:43.994  INFO 15340 --- [    Test worker] o.s.b.a.e.web.EndpointLinksResolver      : Exposing 2 endpoint(s) beneath base path '/actuator'
2021-02-24 16:58:44.014  INFO 15340 --- [    Test worker] o.s.t.web.servlet.TestDispatcherServlet  : Completed initialization in 28 ms
2021-02-24 16:58:44.260  INFO 15340 --- [    Test worker] s.m.j.gpsUtils.GpsUtilsApplicationTests  : Started GpsUtilsApplicationTests in 2.51 seconds (JVM running for 3.49)
2021-02-24 16:58:44.789  INFO 15340 --- [    Test worker] s.m.j.g.controller.ControllerGpsUtils    : returning user location for user : bea60f6d-aa4b-496d-87da-4db04b99f2e5
]]></system-out>
  <system-err><![CDATA[]]></system-err>
</testsuite>
